Determining if the pthread_create exist failed with the following output:
Change Dir: /home/frank/Project/surround_view/build/CMakeFiles/CMakeTmp

Run Build Command:"/usr/bin/make" "cmTC_547e8/fast"
/usr/bin/make -f CMakeFiles/cmTC_547e8.dir/build.make CMakeFiles/cmTC_547e8.dir/build
make[1]: Entering directory '/home/frank/Project/surround_view/build/CMakeFiles/CMakeTmp'
Building C object CMakeFiles/cmTC_547e8.dir/CheckSymbolExists.c.o
/usr/bin/cc    -g -Wall -O3    -o CMakeFiles/cmTC_547e8.dir/CheckSymbolExists.c.o   -c /home/frank/Project/surround_view/build/CMakeFiles/CMakeTmp/CheckSymbolExists.c
Linking C executable cmTC_547e8
/usr/bin/cmake -E cmake_link_script CMakeFiles/cmTC_547e8.dir/link.txt --verbose=1
/usr/bin/cc   -g -Wall -O3     CMakeFiles/cmTC_547e8.dir/CheckSymbolExists.c.o  -o cmTC_547e8 -rdynamic 
CMakeFiles/cmTC_547e8.dir/CheckSymbolExists.c.o: In function `main':
/home/frank/Project/surround_view/build/CMakeFiles/CMakeTmp/CheckSymbolExists.c:8: undefined reference to `pthread_create'
collect2: error: ld returned 1 exit status
CMakeFiles/cmTC_547e8.dir/build.make:97: recipe for target 'cmTC_547e8' failed
make[1]: *** [cmTC_547e8] Error 1
make[1]: Leaving directory '/home/frank/Project/surround_view/build/CMakeFiles/CMakeTmp'
Makefile:126: recipe for target 'cmTC_547e8/fast' failed
make: *** [cmTC_547e8/fast] Error 2

File /home/frank/Project/surround_view/build/CMakeFiles/CMakeTmp/CheckSymbolExists.c:
/* */
#include <pthread.h>

int main(int argc, char** argv)
{
  (void)argv;
#ifndef pthread_create
  return ((int*)(&pthread_create))[argc];
#else
  (void)argc;
  return 0;
#endif
}

Determining if the function pthread_create exists in the pthreads failed with the following output:
Change Dir: /home/frank/Project/surround_view/build/CMakeFiles/CMakeTmp

Run Build Command:"/usr/bin/make" "cmTC_8a6a1/fast"
/usr/bin/make -f CMakeFiles/cmTC_8a6a1.dir/build.make CMakeFiles/cmTC_8a6a1.dir/build
make[1]: Entering directory '/home/frank/Project/surround_view/build/CMakeFiles/CMakeTmp'
Building C object CMakeFiles/cmTC_8a6a1.dir/CheckFunctionExists.c.o
/usr/bin/cc    -g -Wall -O3 -DCHECK_FUNCTION_EXISTS=pthread_create   -o CMakeFiles/cmTC_8a6a1.dir/CheckFunctionExists.c.o   -c /usr/share/cmake-3.5/Modules/CheckFunctionExists.c
Linking C executable cmTC_8a6a1
/usr/bin/cmake -E cmake_link_script CMakeFiles/cmTC_8a6a1.dir/link.txt --verbose=1
/usr/bin/cc   -g -Wall -O3 -DCHECK_FUNCTION_EXISTS=pthread_create    CMakeFiles/cmTC_8a6a1.dir/CheckFunctionExists.c.o  -o cmTC_8a6a1 -rdynamic -lpthreads 
/usr/bin/ld: cannot find -lpthreads
collect2: error: ld returned 1 exit status
CMakeFiles/cmTC_8a6a1.dir/build.make:97: recipe for target 'cmTC_8a6a1' failed
make[1]: *** [cmTC_8a6a1] Error 1
make[1]: Leaving directory '/home/frank/Project/surround_view/build/CMakeFiles/CMakeTmp'
Makefile:126: recipe for target 'cmTC_8a6a1/fast' failed
make: *** [cmTC_8a6a1/fast] Error 2


